The system is: Linux - 4.18.0-477.10.1.el8_8.x86_64 - x86_64
Compiling the CXX compiler identification source file "CMakeCXXCompilerId.cpp" succeeded.
Compiler: /cocoa/inhouse/tool/rez-packages/gcc/6.5.0/platform-linux/arch-x86_64/bin/c++ 
Build flags: 
Id flags:  

The output was:
0


Compilation of the CXX compiler identification source "CMakeCXXCompilerId.cpp" produced "a.out"

The CXX compiler identification is GNU, found in "/source/user/td/jmw/test_pybind/build/CMakeFiles/3.12.0/CompilerIdCXX/a.out"

Determining if the CXX compiler works passed with the following output:
Change Dir: /source/user/td/jmw/test_pybind/build/CMakeFiles/CMakeTmp

Run Build Command:"/usr/bin/gmake" "cmTC_bafe1/fast"
gmake: 경고: 'Makefile' 파일의 변경 시각(2428)이 미래입니다
/usr/bin/gmake -f CMakeFiles/cmTC_bafe1.dir/build.make CMakeFiles/cmTC_bafe1.dir/build
gmake[1]: 디렉터리 '/source/user/td/jmw/test_pybind/build/CMakeFiles/CMakeTmp' 들어감
gmake[1]: 경고: 'CMakeFiles/cmTC_bafe1.dir/flags.make' 파일의 변경 시각(2428)이 미래입니다
Building CXX object CMakeFiles/cmTC_bafe1.dir/testCXXCompiler.cxx.o
/cocoa/inhouse/tool/rez-packages/gcc/6.5.0/platform-linux/arch-x86_64/bin/c++     -o CMakeFiles/cmTC_bafe1.dir/testCXXCompiler.cxx.o -c /source/user/td/jmw/test_pybind/build/CMakeFiles/CMakeTmp/testCXXCompiler.cxx
Linking CXX executable cmTC_bafe1
/cocoa/inhouse/tool/rez-packages/cmake/3.12.0/platform-linux/arch-x86_64/bin/cmake -E cmake_link_script CMakeFiles/cmTC_bafe1.dir/link.txt --verbose=1
/cocoa/inhouse/tool/rez-packages/gcc/6.5.0/platform-linux/arch-x86_64/bin/c++       CMakeFiles/cmTC_bafe1.dir/testCXXCompiler.cxx.o  -o cmTC_bafe1 
gmake[1]: 경고:  시계가 잘못되었음이 발견되었습니다.  빌드가 불완전할 수 있습니다.
gmake[1]: 디렉터리 '/source/user/td/jmw/test_pybind/build/CMakeFiles/CMakeTmp' 나감
gmake: 경고:  시계가 잘못되었음이 발견되었습니다.  빌드가 불완전할 수 있습니다.


Detecting CXX compiler ABI info compiled with the following output:
Change Dir: /source/user/td/jmw/test_pybind/build/CMakeFiles/CMakeTmp

Run Build Command:"/usr/bin/gmake" "cmTC_df980/fast"
gmake: 경고: 'Makefile' 파일의 변경 시각(2428)이 미래입니다
/usr/bin/gmake -f CMakeFiles/cmTC_df980.dir/build.make CMakeFiles/cmTC_df980.dir/build
gmake[1]: 디렉터리 '/source/user/td/jmw/test_pybind/build/CMakeFiles/CMakeTmp' 들어감
gmake[1]: 경고: 'CMakeFiles/cmTC_df980.dir/flags.make' 파일의 변경 시각(2428)이 미래입니다
Building CXX object CMakeFiles/cmTC_df980.dir/CMakeCXXCompilerABI.cpp.o
/cocoa/inhouse/tool/rez-packages/gcc/6.5.0/platform-linux/arch-x86_64/bin/c++     -o CMakeFiles/cmTC_df980.dir/CMakeCXXCompilerABI.cpp.o -c /cocoa/inhouse/tool/rez-packages/cmake/3.12.0/platform-linux/arch-x86_64/share/cmake-3.12/Modules/CMakeCXXCompilerABI.cpp
Linking CXX executable cmTC_df980
/cocoa/inhouse/tool/rez-packages/cmake/3.12.0/platform-linux/arch-x86_64/bin/cmake -E cmake_link_script CMakeFiles/cmTC_df980.dir/link.txt --verbose=1
/cocoa/inhouse/tool/rez-packages/gcc/6.5.0/platform-linux/arch-x86_64/bin/c++      -v CMakeFiles/cmTC_df980.dir/CMakeCXXCompilerABI.cpp.o  -o cmTC_df980 
Using built-in specs.
COLLECT_GCC=/cocoa/inhouse/tool/rez-packages/gcc/6.5.0/platform-linux/arch-x86_64/bin/c++
COLLECT_LTO_WRAPPER=/cocoa/inhouse/tool/rez-packages/gcc/6.5.0/platform-linux/arch-x86_64/bin/../libexec/gcc/x86_64-linux-gnu/6.5.0/lto-wrapper
Target: x86_64-linux-gnu
Configured with: ../gcc-6.5.0/configure --prefix=/home/jangminwoo/packages/gcc/6.5.0/platform-linux/arch-x86_64 --build=x86_64-linux-gnu --host=x86_64-linux-gnu --target=x86_64-linux-gnu --enable-languages=c,c++ --with-pic --enable-shared --enable-static --enable-threads=posix --enable-__cxa_atexit --enable-clocale=gnu --with-libelf=/usr/include --disable-multilib --disable-bootstrap --disable-install-libiberty --with-system-zlib --enable-linker-build-id --without-included-gettext --enable-nls --enable-clocale=gnu --enable-libstdcxx-debug --enable-libstdcxx-time=yes --enable-gnu-unique-object --enable-plugin --disable-werror --with-arch-32=i686 --with-tune=generic --enable-checking=release
Thread model: posix
gcc version 6.5.0 (GCC) 
COMPILER_PATH=/cocoa/inhouse/tool/rez-packages/gcc/6.5.0/platform-linux/arch-x86_64/bin/../libexec/gcc/x86_64-linux-gnu/6.5.0/:/cocoa/inhouse/tool/rez-packages/gcc/6.5.0/platform-linux/arch-x86_64/bin/../libexec/gcc/
LIBRARY_PATH=/cocoa/inhouse/tool/rez-packages/gcc/6.5.0/platform-linux/arch-x86_64/bin/../lib/gcc/x86_64-linux-gnu/6.5.0/:/cocoa/inhouse/tool/rez-packages/gcc/6.5.0/platform-linux/arch-x86_64/bin/../lib/gcc/:/cocoa/inhouse/tool/rez-packages/gcc/6.5.0/platform-linux/arch-x86_64/bin/../lib/gcc/x86_64-linux-gnu/6.5.0/../../../../lib64/:/lib/../lib64/:/usr/lib/../lib64/:/cocoa/inhouse/tool/rez-packages/gcc/6.5.0/platform-linux/arch-x86_64/bin/../lib/gcc/x86_64-linux-gnu/6.5.0/../../../:/lib/:/usr/lib/
COLLECT_GCC_OPTIONS='-v' '-o' 'cmTC_df980' '-shared-libgcc' '-mtune=generic' '-march=x86-64'
 /cocoa/inhouse/tool/rez-packages/gcc/6.5.0/platform-linux/arch-x86_64/bin/../libexec/gcc/x86_64-linux-gnu/6.5.0/collect2 -plugin /cocoa/inhouse/tool/rez-packages/gcc/6.5.0/platform-linux/arch-x86_64/bin/../libexec/gcc/x86_64-linux-gnu/6.5.0/liblto_plugin.so -plugin-opt=/cocoa/inhouse/tool/rez-packages/gcc/6.5.0/platform-linux/arch-x86_64/bin/../libexec/gcc/x86_64-linux-gnu/6.5.0/lto-wrapper -plugin-opt=-fresolution=/tmp/ccGH6LVp.res -plugin-opt=-pass-through=-lgcc_s -plugin-opt=-pass-through=-lgcc -plugin-opt=-pass-through=-lc -plugin-opt=-pass-through=-lgcc_s -plugin-opt=-pass-through=-lgcc --build-id --eh-frame-hdr -m elf_x86_64 -dynamic-linker /lib64/ld-linux-x86-64.so.2 -o cmTC_df980 /lib/../lib64/crt1.o /lib/../lib64/crti.o /cocoa/inhouse/tool/rez-packages/gcc/6.5.0/platform-linux/arch-x86_64/bin/../lib/gcc/x86_64-linux-gnu/6.5.0/crtbegin.o -L/cocoa/inhouse/tool/rez-packages/gcc/6.5.0/platform-linux/arch-x86_64/bin/../lib/gcc/x86_64-linux-gnu/6.5.0 -L/cocoa/inhouse/tool/rez-packages/gcc/6.5.0/platform-linux/arch-x86_64/bin/../lib/gcc -L/cocoa/inhouse/tool/rez-packages/gcc/6.5.0/platform-linux/arch-x86_64/bin/../lib/gcc/x86_64-linux-gnu/6.5.0/../../../../lib64 -L/lib/../lib64 -L/usr/lib/../lib64 -L/cocoa/inhouse/tool/rez-packages/gcc/6.5.0/platform-linux/arch-x86_64/bin/../lib/gcc/x86_64-linux-gnu/6.5.0/../../.. CMakeFiles/cmTC_df980.dir/CMakeCXXCompilerABI.cpp.o -lstdc++ -lm -lgcc_s -lgcc -lc -lgcc_s -lgcc /cocoa/inhouse/tool/rez-packages/gcc/6.5.0/platform-linux/arch-x86_64/bin/../lib/gcc/x86_64-linux-gnu/6.5.0/crtend.o /lib/../lib64/crtn.o
COLLECT_GCC_OPTIONS='-v' '-o' 'cmTC_df980' '-shared-libgcc' '-mtune=generic' '-march=x86-64'
gmake[1]: 경고:  시계가 잘못되었음이 발견되었습니다.  빌드가 불완전할 수 있습니다.
gmake[1]: 디렉터리 '/source/user/td/jmw/test_pybind/build/CMakeFiles/CMakeTmp' 나감
gmake: 경고:  시계가 잘못되었음이 발견되었습니다.  빌드가 불완전할 수 있습니다.


Parsed CXX implicit link information from above output:
  link line regex: [^( *|.*[/\])(ld|CMAKE_LINK_STARTFILE-NOTFOUND|([^/\]+-)?ld|collect2)[^/\]*( |$)]
  ignore line: [Change Dir: /source/user/td/jmw/test_pybind/build/CMakeFiles/CMakeTmp]
  ignore line: []
  ignore line: [Run Build Command:"/usr/bin/gmake" "cmTC_df980/fast"]
  ignore line: [gmake: 경고: 'Makefile' 파일의 변경 시각(2428)이 미래입니다]
  ignore line: [/usr/bin/gmake -f CMakeFiles/cmTC_df980.dir/build.make CMakeFiles/cmTC_df980.dir/build]
  ignore line: [gmake[1]: 디렉터리 '/source/user/td/jmw/test_pybind/build/CMakeFiles/CMakeTmp' 들어감]
  ignore line: [gmake[1]: 경고: 'CMakeFiles/cmTC_df980.dir/flags.make' 파일의 변경 시각(2428)이 미래입니다]
  ignore line: [Building CXX object CMakeFiles/cmTC_df980.dir/CMakeCXXCompilerABI.cpp.o]
  ignore line: [/cocoa/inhouse/tool/rez-packages/gcc/6.5.0/platform-linux/arch-x86_64/bin/c++     -o CMakeFiles/cmTC_df980.dir/CMakeCXXCompilerABI.cpp.o -c /cocoa/inhouse/tool/rez-packages/cmake/3.12.0/platform-linux/arch-x86_64/share/cmake-3.12/Modules/CMakeCXXCompilerABI.cpp]
  ignore line: [Linking CXX executable cmTC_df980]
  ignore line: [/cocoa/inhouse/tool/rez-packages/cmake/3.12.0/platform-linux/arch-x86_64/bin/cmake -E cmake_link_script CMakeFiles/cmTC_df980.dir/link.txt --verbose=1]
  ignore line: [/cocoa/inhouse/tool/rez-packages/gcc/6.5.0/platform-linux/arch-x86_64/bin/c++      -v CMakeFiles/cmTC_df980.dir/CMakeCXXCompilerABI.cpp.o  -o cmTC_df980 ]
  ignore line: [Using built-in specs.]
  ignore line: [COLLECT_GCC=/cocoa/inhouse/tool/rez-packages/gcc/6.5.0/platform-linux/arch-x86_64/bin/c++]
  ignore line: [COLLECT_LTO_WRAPPER=/cocoa/inhouse/tool/rez-packages/gcc/6.5.0/platform-linux/arch-x86_64/bin/../libexec/gcc/x86_64-linux-gnu/6.5.0/lto-wrapper]
  ignore line: [Target: x86_64-linux-gnu]
  ignore line: [Configured with: ../gcc-6.5.0/configure --prefix=/home/jangminwoo/packages/gcc/6.5.0/platform-linux/arch-x86_64 --build=x86_64-linux-gnu --host=x86_64-linux-gnu --target=x86_64-linux-gnu --enable-languages=c,c++ --with-pic --enable-shared --enable-static --enable-threads=posix --enable-__cxa_atexit --enable-clocale=gnu --with-libelf=/usr/include --disable-multilib --disable-bootstrap --disable-install-libiberty --with-system-zlib --enable-linker-build-id --without-included-gettext --enable-nls --enable-clocale=gnu --enable-libstdcxx-debug --enable-libstdcxx-time=yes --enable-gnu-unique-object --enable-plugin --disable-werror --with-arch-32=i686 --with-tune=generic --enable-checking=release]
  ignore line: [Thread model: posix]
  ignore line: [gcc version 6.5.0 (GCC) ]
  ignore line: [COMPILER_PATH=/cocoa/inhouse/tool/rez-packages/gcc/6.5.0/platform-linux/arch-x86_64/bin/../libexec/gcc/x86_64-linux-gnu/6.5.0/:/cocoa/inhouse/tool/rez-packages/gcc/6.5.0/platform-linux/arch-x86_64/bin/../libexec/gcc/]
  ignore line: [LIBRARY_PATH=/cocoa/inhouse/tool/rez-packages/gcc/6.5.0/platform-linux/arch-x86_64/bin/../lib/gcc/x86_64-linux-gnu/6.5.0/:/cocoa/inhouse/tool/rez-packages/gcc/6.5.0/platform-linux/arch-x86_64/bin/../lib/gcc/:/cocoa/inhouse/tool/rez-packages/gcc/6.5.0/platform-linux/arch-x86_64/bin/../lib/gcc/x86_64-linux-gnu/6.5.0/../../../../lib64/:/lib/../lib64/:/usr/lib/../lib64/:/cocoa/inhouse/tool/rez-packages/gcc/6.5.0/platform-linux/arch-x86_64/bin/../lib/gcc/x86_64-linux-gnu/6.5.0/../../../:/lib/:/usr/lib/]
  ignore line: [COLLECT_GCC_OPTIONS='-v' '-o' 'cmTC_df980' '-shared-libgcc' '-mtune=generic' '-march=x86-64']
  link line: [ /cocoa/inhouse/tool/rez-packages/gcc/6.5.0/platform-linux/arch-x86_64/bin/../libexec/gcc/x86_64-linux-gnu/6.5.0/collect2 -plugin /cocoa/inhouse/tool/rez-packages/gcc/6.5.0/platform-linux/arch-x86_64/bin/../libexec/gcc/x86_64-linux-gnu/6.5.0/liblto_plugin.so -plugin-opt=/cocoa/inhouse/tool/rez-packages/gcc/6.5.0/platform-linux/arch-x86_64/bin/../libexec/gcc/x86_64-linux-gnu/6.5.0/lto-wrapper -plugin-opt=-fresolution=/tmp/ccGH6LVp.res -plugin-opt=-pass-through=-lgcc_s -plugin-opt=-pass-through=-lgcc -plugin-opt=-pass-through=-lc -plugin-opt=-pass-through=-lgcc_s -plugin-opt=-pass-through=-lgcc --build-id --eh-frame-hdr -m elf_x86_64 -dynamic-linker /lib64/ld-linux-x86-64.so.2 -o cmTC_df980 /lib/../lib64/crt1.o /lib/../lib64/crti.o /cocoa/inhouse/tool/rez-packages/gcc/6.5.0/platform-linux/arch-x86_64/bin/../lib/gcc/x86_64-linux-gnu/6.5.0/crtbegin.o -L/cocoa/inhouse/tool/rez-packages/gcc/6.5.0/platform-linux/arch-x86_64/bin/../lib/gcc/x86_64-linux-gnu/6.5.0 -L/cocoa/inhouse/tool/rez-packages/gcc/6.5.0/platform-linux/arch-x86_64/bin/../lib/gcc -L/cocoa/inhouse/tool/rez-packages/gcc/6.5.0/platform-linux/arch-x86_64/bin/../lib/gcc/x86_64-linux-gnu/6.5.0/../../../../lib64 -L/lib/../lib64 -L/usr/lib/../lib64 -L/cocoa/inhouse/tool/rez-packages/gcc/6.5.0/platform-linux/arch-x86_64/bin/../lib/gcc/x86_64-linux-gnu/6.5.0/../../.. CMakeFiles/cmTC_df980.dir/CMakeCXXCompilerABI.cpp.o -lstdc++ -lm -lgcc_s -lgcc -lc -lgcc_s -lgcc /cocoa/inhouse/tool/rez-packages/gcc/6.5.0/platform-linux/arch-x86_64/bin/../lib/gcc/x86_64-linux-gnu/6.5.0/crtend.o /lib/../lib64/crtn.o]
    arg [/cocoa/inhouse/tool/rez-packages/gcc/6.5.0/platform-linux/arch-x86_64/bin/../libexec/gcc/x86_64-linux-gnu/6.5.0/collect2] ==> ignore
    arg [-plugin] ==> ignore
    arg [/cocoa/inhouse/tool/rez-packages/gcc/6.5.0/platform-linux/arch-x86_64/bin/../libexec/gcc/x86_64-linux-gnu/6.5.0/liblto_plugin.so] ==> ignore
    arg [-plugin-opt=/cocoa/inhouse/tool/rez-packages/gcc/6.5.0/platform-linux/arch-x86_64/bin/../libexec/gcc/x86_64-linux-gnu/6.5.0/lto-wrapper] ==> ignore
    arg [-plugin-opt=-fresolution=/tmp/ccGH6LVp.res] ==> ignore
    arg [-plugin-opt=-pass-through=-lgcc_s] ==> ignore
    arg [-plugin-opt=-pass-through=-lgcc] ==> ignore
    arg [-plugin-opt=-pass-through=-lc] ==> ignore
    arg [-plugin-opt=-pass-through=-lgcc_s] ==> ignore
    arg [-plugin-opt=-pass-through=-lgcc] ==> ignore
    arg [--build-id] ==> ignore
    arg [--eh-frame-hdr] ==> ignore
    arg [-m] ==> ignore
    arg [elf_x86_64] ==> ignore
    arg [-dynamic-linker] ==> ignore
    arg [/lib64/ld-linux-x86-64.so.2] ==> ignore
    arg [-o] ==> ignore
    arg [cmTC_df980] ==> ignore
    arg [/lib/../lib64/crt1.o] ==> ignore
    arg [/lib/../lib64/crti.o] ==> ignore
    arg [/cocoa/inhouse/tool/rez-packages/gcc/6.5.0/platform-linux/arch-x86_64/bin/../lib/gcc/x86_64-linux-gnu/6.5.0/crtbegin.o] ==> ignore
    arg [-L/cocoa/inhouse/tool/rez-packages/gcc/6.5.0/platform-linux/arch-x86_64/bin/../lib/gcc/x86_64-linux-gnu/6.5.0] ==> dir [/cocoa/inhouse/tool/rez-packages/gcc/6.5.0/platform-linux/arch-x86_64/bin/../lib/gcc/x86_64-linux-gnu/6.5.0]
    arg [-L/cocoa/inhouse/tool/rez-packages/gcc/6.5.0/platform-linux/arch-x86_64/bin/../lib/gcc] ==> dir [/cocoa/inhouse/tool/rez-packages/gcc/6.5.0/platform-linux/arch-x86_64/bin/../lib/gcc]
    arg [-L/cocoa/inhouse/tool/rez-packages/gcc/6.5.0/platform-linux/arch-x86_64/bin/../lib/gcc/x86_64-linux-gnu/6.5.0/../../../../lib64] ==> dir [/cocoa/inhouse/tool/rez-packages/gcc/6.5.0/platform-linux/arch-x86_64/bin/../lib/gcc/x86_64-linux-gnu/6.5.0/../../../../lib64]
    arg [-L/lib/../lib64] ==> dir [/lib/../lib64]
    arg [-L/usr/lib/../lib64] ==> dir [/usr/lib/../lib64]
    arg [-L/cocoa/inhouse/tool/rez-packages/gcc/6.5.0/platform-linux/arch-x86_64/bin/../lib/gcc/x86_64-linux-gnu/6.5.0/../../..] ==> dir [/cocoa/inhouse/tool/rez-packages/gcc/6.5.0/platform-linux/arch-x86_64/bin/../lib/gcc/x86_64-linux-gnu/6.5.0/../../..]
    arg [CMakeFiles/cmTC_df980.dir/CMakeCXXCompilerABI.cpp.o] ==> ignore
    arg [-lstdc++] ==> lib [stdc++]
    arg [-lm] ==> lib [m]
    arg [-lgcc_s] ==> lib [gcc_s]
    arg [-lgcc] ==> lib [gcc]
    arg [-lc] ==> lib [c]
    arg [-lgcc_s] ==> lib [gcc_s]
    arg [-lgcc] ==> lib [gcc]
    arg [/cocoa/inhouse/tool/rez-packages/gcc/6.5.0/platform-linux/arch-x86_64/bin/../lib/gcc/x86_64-linux-gnu/6.5.0/crtend.o] ==> ignore
    arg [/lib/../lib64/crtn.o] ==> ignore
  collapse library dir [/cocoa/inhouse/tool/rez-packages/gcc/6.5.0/platform-linux/arch-x86_64/bin/../lib/gcc/x86_64-linux-gnu/6.5.0] ==> [/cocoa/inhouse/tool/rez-packages/gcc/6.5.0/platform-linux/arch-x86_64/lib/gcc/x86_64-linux-gnu/6.5.0]
  collapse library dir [/cocoa/inhouse/tool/rez-packages/gcc/6.5.0/platform-linux/arch-x86_64/bin/../lib/gcc] ==> [/cocoa/inhouse/tool/rez-packages/gcc/6.5.0/platform-linux/arch-x86_64/lib/gcc]
  collapse library dir [/cocoa/inhouse/tool/rez-packages/gcc/6.5.0/platform-linux/arch-x86_64/bin/../lib/gcc/x86_64-linux-gnu/6.5.0/../../../../lib64] ==> [/cocoa/inhouse/tool/rez-packages/gcc/6.5.0/platform-linux/arch-x86_64/lib64]
  collapse library dir [/lib/../lib64] ==> [/lib64]
  collapse library dir [/usr/lib/../lib64] ==> [/usr/lib64]
  collapse library dir [/cocoa/inhouse/tool/rez-packages/gcc/6.5.0/platform-linux/arch-x86_64/bin/../lib/gcc/x86_64-linux-gnu/6.5.0/../../..] ==> [/cocoa/inhouse/tool/rez-packages/gcc/6.5.0/platform-linux/arch-x86_64/lib]
  implicit libs: [stdc++;m;gcc_s;gcc;c;gcc_s;gcc]
  implicit dirs: [/cocoa/inhouse/tool/rez-packages/gcc/6.5.0/platform-linux/arch-x86_64/lib/gcc/x86_64-linux-gnu/6.5.0;/cocoa/inhouse/tool/rez-packages/gcc/6.5.0/platform-linux/arch-x86_64/lib/gcc;/cocoa/inhouse/tool/rez-packages/gcc/6.5.0/platform-linux/arch-x86_64/lib64;/lib64;/usr/lib64;/cocoa/inhouse/tool/rez-packages/gcc/6.5.0/platform-linux/arch-x86_64/lib]
  implicit fwks: []




Detecting CXX [-std=c++1z] compiler features compiled with the following output:
Change Dir: /source/user/td/jmw/test_pybind/build/CMakeFiles/CMakeTmp

Run Build Command:"/usr/bin/gmake" "cmTC_685bc/fast"
gmake: 경고: 'Makefile' 파일의 변경 시각(2428)이 미래입니다
/usr/bin/gmake -f CMakeFiles/cmTC_685bc.dir/build.make CMakeFiles/cmTC_685bc.dir/build
gmake[1]: 디렉터리 '/source/user/td/jmw/test_pybind/build/CMakeFiles/CMakeTmp' 들어감
gmake[1]: 경고: 'CMakeFiles/cmTC_685bc.dir/flags.make' 파일의 변경 시각(2428)이 미래입니다
Building CXX object CMakeFiles/cmTC_685bc.dir/feature_tests.cxx.o
/cocoa/inhouse/tool/rez-packages/gcc/6.5.0/platform-linux/arch-x86_64/bin/c++    -std=c++1z -o CMakeFiles/cmTC_685bc.dir/feature_tests.cxx.o -c /source/user/td/jmw/test_pybind/build/CMakeFiles/feature_tests.cxx
Linking CXX executable cmTC_685bc
/cocoa/inhouse/tool/rez-packages/cmake/3.12.0/platform-linux/arch-x86_64/bin/cmake -E cmake_link_script CMakeFiles/cmTC_685bc.dir/link.txt --verbose=1
/cocoa/inhouse/tool/rez-packages/gcc/6.5.0/platform-linux/arch-x86_64/bin/c++       CMakeFiles/cmTC_685bc.dir/feature_tests.cxx.o  -o cmTC_685bc 
gmake[1]: 경고:  시계가 잘못되었음이 발견되었습니다.  빌드가 불완전할 수 있습니다.
gmake[1]: 디렉터리 '/source/user/td/jmw/test_pybind/build/CMakeFiles/CMakeTmp' 나감
gmake: 경고:  시계가 잘못되었음이 발견되었습니다.  빌드가 불완전할 수 있습니다.


    Feature record: CXX_FEATURE:1cxx_aggregate_default_initializers
    Feature record: CXX_FEATURE:1cxx_alias_templates
    Feature record: CXX_FEATURE:1cxx_alignas
    Feature record: CXX_FEATURE:1cxx_alignof
    Feature record: CXX_FEATURE:1cxx_attributes
    Feature record: CXX_FEATURE:1cxx_attribute_deprecated
    Feature record: CXX_FEATURE:1cxx_auto_type
    Feature record: CXX_FEATURE:1cxx_binary_literals
    Feature record: CXX_FEATURE:1cxx_constexpr
    Feature record: CXX_FEATURE:1cxx_contextual_conversions
    Feature record: CXX_FEATURE:1cxx_decltype
    Feature record: CXX_FEATURE:1cxx_decltype_auto
    Feature record: CXX_FEATURE:1cxx_decltype_incomplete_return_types
    Feature record: CXX_FEATURE:1cxx_default_function_template_args
    Feature record: CXX_FEATURE:1cxx_defaulted_functions
    Feature record: CXX_FEATURE:1cxx_defaulted_move_initializers
    Feature record: CXX_FEATURE:1cxx_delegating_constructors
    Feature record: CXX_FEATURE:1cxx_deleted_functions
    Feature record: CXX_FEATURE:1cxx_digit_separators
    Feature record: CXX_FEATURE:1cxx_enum_forward_declarations
    Feature record: CXX_FEATURE:1cxx_explicit_conversions
    Feature record: CXX_FEATURE:1cxx_extended_friend_declarations
    Feature record: CXX_FEATURE:1cxx_extern_templates
    Feature record: CXX_FEATURE:1cxx_final
    Feature record: CXX_FEATURE:1cxx_func_identifier
    Feature record: CXX_FEATURE:1cxx_generalized_initializers
    Feature record: CXX_FEATURE:1cxx_generic_lambdas
    Feature record: CXX_FEATURE:1cxx_inheriting_constructors
    Feature record: CXX_FEATURE:1cxx_inline_namespaces
    Feature record: CXX_FEATURE:1cxx_lambdas
    Feature record: CXX_FEATURE:1cxx_lambda_init_captures
    Feature record: CXX_FEATURE:1cxx_local_type_template_args
    Feature record: CXX_FEATURE:1cxx_long_long_type
    Feature record: CXX_FEATURE:1cxx_noexcept
    Feature record: CXX_FEATURE:1cxx_nonstatic_member_init
    Feature record: CXX_FEATURE:1cxx_nullptr
    Feature record: CXX_FEATURE:1cxx_override
    Feature record: CXX_FEATURE:1cxx_range_for
    Feature record: CXX_FEATURE:1cxx_raw_string_literals
    Feature record: CXX_FEATURE:1cxx_reference_qualified_functions
    Feature record: CXX_FEATURE:1cxx_relaxed_constexpr
    Feature record: CXX_FEATURE:1cxx_return_type_deduction
    Feature record: CXX_FEATURE:1cxx_right_angle_brackets
    Feature record: CXX_FEATURE:1cxx_rvalue_references
    Feature record: CXX_FEATURE:1cxx_sizeof_member
    Feature record: CXX_FEATURE:1cxx_static_assert
    Feature record: CXX_FEATURE:1cxx_strong_enums
    Feature record: CXX_FEATURE:1cxx_template_template_parameters
    Feature record: CXX_FEATURE:1cxx_thread_local
    Feature record: CXX_FEATURE:1cxx_trailing_return_types
    Feature record: CXX_FEATURE:1cxx_unicode_literals
    Feature record: CXX_FEATURE:1cxx_uniform_initialization
    Feature record: CXX_FEATURE:1cxx_unrestricted_unions
    Feature record: CXX_FEATURE:1cxx_user_literals
    Feature record: CXX_FEATURE:1cxx_variable_templates
    Feature record: CXX_FEATURE:1cxx_variadic_macros
    Feature record: CXX_FEATURE:1cxx_variadic_templates


Detecting CXX [-std=c++14] compiler features compiled with the following output:
Change Dir: /source/user/td/jmw/test_pybind/build/CMakeFiles/CMakeTmp

Run Build Command:"/usr/bin/gmake" "cmTC_5c9ff/fast"
gmake: 경고: 'Makefile' 파일의 변경 시각(2428)이 미래입니다
/usr/bin/gmake -f CMakeFiles/cmTC_5c9ff.dir/build.make CMakeFiles/cmTC_5c9ff.dir/build
gmake[1]: 디렉터리 '/source/user/td/jmw/test_pybind/build/CMakeFiles/CMakeTmp' 들어감
gmake[1]: 경고: 'CMakeFiles/cmTC_5c9ff.dir/flags.make' 파일의 변경 시각(2428)이 미래입니다
Building CXX object CMakeFiles/cmTC_5c9ff.dir/feature_tests.cxx.o
/cocoa/inhouse/tool/rez-packages/gcc/6.5.0/platform-linux/arch-x86_64/bin/c++    -std=c++14 -o CMakeFiles/cmTC_5c9ff.dir/feature_tests.cxx.o -c /source/user/td/jmw/test_pybind/build/CMakeFiles/feature_tests.cxx
Linking CXX executable cmTC_5c9ff
/cocoa/inhouse/tool/rez-packages/cmake/3.12.0/platform-linux/arch-x86_64/bin/cmake -E cmake_link_script CMakeFiles/cmTC_5c9ff.dir/link.txt --verbose=1
/cocoa/inhouse/tool/rez-packages/gcc/6.5.0/platform-linux/arch-x86_64/bin/c++       CMakeFiles/cmTC_5c9ff.dir/feature_tests.cxx.o  -o cmTC_5c9ff 
gmake[1]: 경고:  시계가 잘못되었음이 발견되었습니다.  빌드가 불완전할 수 있습니다.
gmake[1]: 디렉터리 '/source/user/td/jmw/test_pybind/build/CMakeFiles/CMakeTmp' 나감
gmake: 경고:  시계가 잘못되었음이 발견되었습니다.  빌드가 불완전할 수 있습니다.


    Feature record: CXX_FEATURE:1cxx_aggregate_default_initializers
    Feature record: CXX_FEATURE:1cxx_alias_templates
    Feature record: CXX_FEATURE:1cxx_alignas
    Feature record: CXX_FEATURE:1cxx_alignof
    Feature record: CXX_FEATURE:1cxx_attributes
    Feature record: CXX_FEATURE:1cxx_attribute_deprecated
    Feature record: CXX_FEATURE:1cxx_auto_type
    Feature record: CXX_FEATURE:1cxx_binary_literals
    Feature record: CXX_FEATURE:1cxx_constexpr
    Feature record: CXX_FEATURE:1cxx_contextual_conversions
    Feature record: CXX_FEATURE:1cxx_decltype
    Feature record: CXX_FEATURE:1cxx_decltype_auto
    Feature record: CXX_FEATURE:1cxx_decltype_incomplete_return_types
    Feature record: CXX_FEATURE:1cxx_default_function_template_args
    Feature record: CXX_FEATURE:1cxx_defaulted_functions
    Feature record: CXX_FEATURE:1cxx_defaulted_move_initializers
    Feature record: CXX_FEATURE:1cxx_delegating_constructors
    Feature record: CXX_FEATURE:1cxx_deleted_functions
    Feature record: CXX_FEATURE:1cxx_digit_separators
    Feature record: CXX_FEATURE:1cxx_enum_forward_declarations
    Feature record: CXX_FEATURE:1cxx_explicit_conversions
    Feature record: CXX_FEATURE:1cxx_extended_friend_declarations
    Feature record: CXX_FEATURE:1cxx_extern_templates
    Feature record: CXX_FEATURE:1cxx_final
    Feature record: CXX_FEATURE:1cxx_func_identifier
    Feature record: CXX_FEATURE:1cxx_generalized_initializers
    Feature record: CXX_FEATURE:1cxx_generic_lambdas
    Feature record: CXX_FEATURE:1cxx_inheriting_constructors
    Feature record: CXX_FEATURE:1cxx_inline_namespaces
    Feature record: CXX_FEATURE:1cxx_lambdas
    Feature record: CXX_FEATURE:1cxx_lambda_init_captures
    Feature record: CXX_FEATURE:1cxx_local_type_template_args
    Feature record: CXX_FEATURE:1cxx_long_long_type
    Feature record: CXX_FEATURE:1cxx_noexcept
    Feature record: CXX_FEATURE:1cxx_nonstatic_member_init
    Feature record: CXX_FEATURE:1cxx_nullptr
    Feature record: CXX_FEATURE:1cxx_override
    Feature record: CXX_FEATURE:1cxx_range_for
    Feature record: CXX_FEATURE:1cxx_raw_string_literals
    Feature record: CXX_FEATURE:1cxx_reference_qualified_functions
    Feature record: CXX_FEATURE:1cxx_relaxed_constexpr
    Feature record: CXX_FEATURE:1cxx_return_type_deduction
    Feature record: CXX_FEATURE:1cxx_right_angle_brackets
    Feature record: CXX_FEATURE:1cxx_rvalue_references
    Feature record: CXX_FEATURE:1cxx_sizeof_member
    Feature record: CXX_FEATURE:1cxx_static_assert
    Feature record: CXX_FEATURE:1cxx_strong_enums
    Feature record: CXX_FEATURE:1cxx_template_template_parameters
    Feature record: CXX_FEATURE:1cxx_thread_local
    Feature record: CXX_FEATURE:1cxx_trailing_return_types
    Feature record: CXX_FEATURE:1cxx_unicode_literals
    Feature record: CXX_FEATURE:1cxx_uniform_initialization
    Feature record: CXX_FEATURE:1cxx_unrestricted_unions
    Feature record: CXX_FEATURE:1cxx_user_literals
    Feature record: CXX_FEATURE:1cxx_variable_templates
    Feature record: CXX_FEATURE:1cxx_variadic_macros
    Feature record: CXX_FEATURE:1cxx_variadic_templates


Detecting CXX [-std=c++11] compiler features compiled with the following output:
Change Dir: /source/user/td/jmw/test_pybind/build/CMakeFiles/CMakeTmp

Run Build Command:"/usr/bin/gmake" "cmTC_0a087/fast"
gmake: 경고: 'Makefile' 파일의 변경 시각(2428)이 미래입니다
/usr/bin/gmake -f CMakeFiles/cmTC_0a087.dir/build.make CMakeFiles/cmTC_0a087.dir/build
gmake[1]: 디렉터리 '/source/user/td/jmw/test_pybind/build/CMakeFiles/CMakeTmp' 들어감
gmake[1]: 경고: 'CMakeFiles/cmTC_0a087.dir/flags.make' 파일의 변경 시각(2428)이 미래입니다
Building CXX object CMakeFiles/cmTC_0a087.dir/feature_tests.cxx.o
/cocoa/inhouse/tool/rez-packages/gcc/6.5.0/platform-linux/arch-x86_64/bin/c++    -std=c++11 -o CMakeFiles/cmTC_0a087.dir/feature_tests.cxx.o -c /source/user/td/jmw/test_pybind/build/CMakeFiles/feature_tests.cxx
Linking CXX executable cmTC_0a087
/cocoa/inhouse/tool/rez-packages/cmake/3.12.0/platform-linux/arch-x86_64/bin/cmake -E cmake_link_script CMakeFiles/cmTC_0a087.dir/link.txt --verbose=1
/cocoa/inhouse/tool/rez-packages/gcc/6.5.0/platform-linux/arch-x86_64/bin/c++       CMakeFiles/cmTC_0a087.dir/feature_tests.cxx.o  -o cmTC_0a087 
gmake[1]: 경고:  시계가 잘못되었음이 발견되었습니다.  빌드가 불완전할 수 있습니다.
gmake[1]: 디렉터리 '/source/user/td/jmw/test_pybind/build/CMakeFiles/CMakeTmp' 나감
gmake: 경고:  시계가 잘못되었음이 발견되었습니다.  빌드가 불완전할 수 있습니다.


    Feature record: CXX_FEATURE:0cxx_aggregate_default_initializers
    Feature record: CXX_FEATURE:1cxx_alias_templates
    Feature record: CXX_FEATURE:1cxx_alignas
    Feature record: CXX_FEATURE:1cxx_alignof
    Feature record: CXX_FEATURE:1cxx_attributes
    Feature record: CXX_FEATURE:0cxx_attribute_deprecated
    Feature record: CXX_FEATURE:1cxx_auto_type
    Feature record: CXX_FEATURE:0cxx_binary_literals
    Feature record: CXX_FEATURE:1cxx_constexpr
    Feature record: CXX_FEATURE:0cxx_contextual_conversions
    Feature record: CXX_FEATURE:1cxx_decltype
    Feature record: CXX_FEATURE:0cxx_decltype_auto
    Feature record: CXX_FEATURE:1cxx_decltype_incomplete_return_types
    Feature record: CXX_FEATURE:1cxx_default_function_template_args
    Feature record: CXX_FEATURE:1cxx_defaulted_functions
    Feature record: CXX_FEATURE:1cxx_defaulted_move_initializers
    Feature record: CXX_FEATURE:1cxx_delegating_constructors
    Feature record: CXX_FEATURE:1cxx_deleted_functions
    Feature record: CXX_FEATURE:0cxx_digit_separators
    Feature record: CXX_FEATURE:1cxx_enum_forward_declarations
    Feature record: CXX_FEATURE:1cxx_explicit_conversions
    Feature record: CXX_FEATURE:1cxx_extended_friend_declarations
    Feature record: CXX_FEATURE:1cxx_extern_templates
    Feature record: CXX_FEATURE:1cxx_final
    Feature record: CXX_FEATURE:1cxx_func_identifier
    Feature record: CXX_FEATURE:1cxx_generalized_initializers
    Feature record: CXX_FEATURE:0cxx_generic_lambdas
    Feature record: CXX_FEATURE:1cxx_inheriting_constructors
    Feature record: CXX_FEATURE:1cxx_inline_namespaces
    Feature record: CXX_FEATURE:1cxx_lambdas
    Feature record: CXX_FEATURE:0cxx_lambda_init_captures
    Feature record: CXX_FEATURE:1cxx_local_type_template_args
    Feature record: CXX_FEATURE:1cxx_long_long_type
    Feature record: CXX_FEATURE:1cxx_noexcept
    Feature record: CXX_FEATURE:1cxx_nonstatic_member_init
    Feature record: CXX_FEATURE:1cxx_nullptr
    Feature record: CXX_FEATURE:1cxx_override
    Feature record: CXX_FEATURE:1cxx_range_for
    Feature record: CXX_FEATURE:1cxx_raw_string_literals
    Feature record: CXX_FEATURE:1cxx_reference_qualified_functions
    Feature record: CXX_FEATURE:0cxx_relaxed_constexpr
    Feature record: CXX_FEATURE:0cxx_return_type_deduction
    Feature record: CXX_FEATURE:1cxx_right_angle_brackets
    Feature record: CXX_FEATURE:1cxx_rvalue_references
    Feature record: CXX_FEATURE:1cxx_sizeof_member
    Feature record: CXX_FEATURE:1cxx_static_assert
    Feature record: CXX_FEATURE:1cxx_strong_enums
    Feature record: CXX_FEATURE:1cxx_template_template_parameters
    Feature record: CXX_FEATURE:1cxx_thread_local
    Feature record: CXX_FEATURE:1cxx_trailing_return_types
    Feature record: CXX_FEATURE:1cxx_unicode_literals
    Feature record: CXX_FEATURE:1cxx_uniform_initialization
    Feature record: CXX_FEATURE:1cxx_unrestricted_unions
    Feature record: CXX_FEATURE:1cxx_user_literals
    Feature record: CXX_FEATURE:0cxx_variable_templates
    Feature record: CXX_FEATURE:1cxx_variadic_macros
    Feature record: CXX_FEATURE:1cxx_variadic_templates


Detecting CXX [-std=c++98] compiler features compiled with the following output:
Change Dir: /source/user/td/jmw/test_pybind/build/CMakeFiles/CMakeTmp

Run Build Command:"/usr/bin/gmake" "cmTC_78e5c/fast"
gmake: 경고: 'Makefile' 파일의 변경 시각(2428)이 미래입니다
/usr/bin/gmake -f CMakeFiles/cmTC_78e5c.dir/build.make CMakeFiles/cmTC_78e5c.dir/build
gmake[1]: 디렉터리 '/source/user/td/jmw/test_pybind/build/CMakeFiles/CMakeTmp' 들어감
gmake[1]: 경고: 'CMakeFiles/cmTC_78e5c.dir/flags.make' 파일의 변경 시각(2428)이 미래입니다
Building CXX object CMakeFiles/cmTC_78e5c.dir/feature_tests.cxx.o
/cocoa/inhouse/tool/rez-packages/gcc/6.5.0/platform-linux/arch-x86_64/bin/c++    -std=c++98 -o CMakeFiles/cmTC_78e5c.dir/feature_tests.cxx.o -c /source/user/td/jmw/test_pybind/build/CMakeFiles/feature_tests.cxx
Linking CXX executable cmTC_78e5c
/cocoa/inhouse/tool/rez-packages/cmake/3.12.0/platform-linux/arch-x86_64/bin/cmake -E cmake_link_script CMakeFiles/cmTC_78e5c.dir/link.txt --verbose=1
/cocoa/inhouse/tool/rez-packages/gcc/6.5.0/platform-linux/arch-x86_64/bin/c++       CMakeFiles/cmTC_78e5c.dir/feature_tests.cxx.o  -o cmTC_78e5c 
gmake[1]: 경고:  시계가 잘못되었음이 발견되었습니다.  빌드가 불완전할 수 있습니다.
gmake[1]: 디렉터리 '/source/user/td/jmw/test_pybind/build/CMakeFiles/CMakeTmp' 나감
gmake: 경고:  시계가 잘못되었음이 발견되었습니다.  빌드가 불완전할 수 있습니다.


    Feature record: CXX_FEATURE:0cxx_aggregate_default_initializers
    Feature record: CXX_FEATURE:0cxx_alias_templates
    Feature record: CXX_FEATURE:0cxx_alignas
    Feature record: CXX_FEATURE:0cxx_alignof
    Feature record: CXX_FEATURE:0cxx_attributes
    Feature record: CXX_FEATURE:0cxx_attribute_deprecated
    Feature record: CXX_FEATURE:0cxx_auto_type
    Feature record: CXX_FEATURE:0cxx_binary_literals
    Feature record: CXX_FEATURE:0cxx_constexpr
    Feature record: CXX_FEATURE:0cxx_contextual_conversions
    Feature record: CXX_FEATURE:0cxx_decltype
    Feature record: CXX_FEATURE:0cxx_decltype_auto
    Feature record: CXX_FEATURE:0cxx_decltype_incomplete_return_types
    Feature record: CXX_FEATURE:0cxx_default_function_template_args
    Feature record: CXX_FEATURE:0cxx_defaulted_functions
    Feature record: CXX_FEATURE:0cxx_defaulted_move_initializers
    Feature record: CXX_FEATURE:0cxx_delegating_constructors
    Feature record: CXX_FEATURE:0cxx_deleted_functions
    Feature record: CXX_FEATURE:0cxx_digit_separators
    Feature record: CXX_FEATURE:0cxx_enum_forward_declarations
    Feature record: CXX_FEATURE:0cxx_explicit_conversions
    Feature record: CXX_FEATURE:0cxx_extended_friend_declarations
    Feature record: CXX_FEATURE:0cxx_extern_templates
    Feature record: CXX_FEATURE:0cxx_final
    Feature record: CXX_FEATURE:0cxx_func_identifier
    Feature record: CXX_FEATURE:0cxx_generalized_initializers
    Feature record: CXX_FEATURE:0cxx_generic_lambdas
    Feature record: CXX_FEATURE:0cxx_inheriting_constructors
    Feature record: CXX_FEATURE:0cxx_inline_namespaces
    Feature record: CXX_FEATURE:0cxx_lambdas
    Feature record: CXX_FEATURE:0cxx_lambda_init_captures
    Feature record: CXX_FEATURE:0cxx_local_type_template_args
    Feature record: CXX_FEATURE:0cxx_long_long_type
    Feature record: CXX_FEATURE:0cxx_noexcept
    Feature record: CXX_FEATURE:0cxx_nonstatic_member_init
    Feature record: CXX_FEATURE:0cxx_nullptr
    Feature record: CXX_FEATURE:0cxx_override
    Feature record: CXX_FEATURE:0cxx_range_for
    Feature record: CXX_FEATURE:0cxx_raw_string_literals
    Feature record: CXX_FEATURE:0cxx_reference_qualified_functions
    Feature record: CXX_FEATURE:0cxx_relaxed_constexpr
    Feature record: CXX_FEATURE:0cxx_return_type_deduction
    Feature record: CXX_FEATURE:0cxx_right_angle_brackets
    Feature record: CXX_FEATURE:0cxx_rvalue_references
    Feature record: CXX_FEATURE:0cxx_sizeof_member
    Feature record: CXX_FEATURE:0cxx_static_assert
    Feature record: CXX_FEATURE:0cxx_strong_enums
    Feature record: CXX_FEATURE:1cxx_template_template_parameters
    Feature record: CXX_FEATURE:0cxx_thread_local
    Feature record: CXX_FEATURE:0cxx_trailing_return_types
    Feature record: CXX_FEATURE:0cxx_unicode_literals
    Feature record: CXX_FEATURE:0cxx_uniform_initialization
    Feature record: CXX_FEATURE:0cxx_unrestricted_unions
    Feature record: CXX_FEATURE:0cxx_user_literals
    Feature record: CXX_FEATURE:0cxx_variable_templates
    Feature record: CXX_FEATURE:0cxx_variadic_macros
    Feature record: CXX_FEATURE:0cxx_variadic_templates
